<?xml version="1.0" encoding="UTF-8"?>
<!-- Generated by org.testng.reporters.JUnitReportReporter -->
<testsuite skipped="0" hostname="ASDP1750PO02529" name="tatoc.tatoc_advanced_js" tests="5" failures="0" timestamp="28 Jul 2017 11:14:42 GMT" time="9.189" errors="0">
  <testcase name="HomePage" time="4.627" classname="tatoc.tatoc_advanced_js"/>
  <testcase name="Hover" time="0.140" classname="tatoc.tatoc_advanced_js"/>
  <testcase name="JDBC" time="1.003" classname="tatoc.tatoc_advanced_js"/>
  <testcase name="Restful" time="1.946" classname="tatoc.tatoc_advanced_js"/>
  <testcase name="File" time="1.473" classname="tatoc.tatoc_advanced_js"/>
</testsuite> <!-- tatoc.tatoc_advanced_js -->
