<?xml version="1.0" encoding="UTF-8"?>
<!-- Generated by org.testng.reporters.JUnitReportReporter -->
<testsuite skipped="0" hostname="ASDP1750PO02529" name="tatoc.tatoc_basic" tests="6" failures="0" timestamp="28 Jul 2017 06:12:23 GMT" time="3.586" errors="0">
  <testcase name="HomePage" time="0.178" classname="tatoc.tatoc_basic"/>
  <testcase name="GreenBox" time="0.211" classname="tatoc.tatoc_basic"/>
  <testcase name="iframe" time="1.206" classname="tatoc.tatoc_basic"/>
  <testcase name="drag_n_drop" time="0.284" classname="tatoc.tatoc_basic"/>
  <testcase name="window_handler" time="1.479" classname="tatoc.tatoc_basic"/>
  <testcase name="cookie" time="0.228" classname="tatoc.tatoc_basic"/>
</testsuite> <!-- tatoc.tatoc_basic -->
