<?xml version="1.0" encoding="UTF-8"?>
<!-- Generated by org.testng.reporters.JUnitReportReporter -->
<testsuite skipped="0" hostname="ASDP1750PO02529" name="tatoc.tatoc_advanced" tests="5" failures="0" timestamp="27 Jul 2017 07:47:40 GMT" time="15.216" errors="0">
  <testcase name="HomePage" time="8.063" classname="tatoc.tatoc_advanced"/>
  <testcase name="Hover" time="0.243" classname="tatoc.tatoc_advanced"/>
  <testcase name="JDBC" time="1.815" classname="tatoc.tatoc_advanced"/>
  <testcase name="Restful" time="3.237" classname="tatoc.tatoc_advanced"/>
  <testcase name="File" time="1.858" classname="tatoc.tatoc_advanced"/>
</testsuite> <!-- tatoc.tatoc_advanced -->
